=== Subprocess Command ===
D:\yt-dlp.exe --wait-for-video 60 --live-from-start --js-runtime node --embed-thumbnail --convert-thumbnail png --write-thumbnail --retries 10 --color always --restrict-filenames --output "[%(upload_date)s] [%(id)s] [%(title)s] [%(channel)s].%(ext)s" https://www.youtube.com/watch?v=WSrznNCR8LA
=======================

[2026-07-02 18:42:01 +00:00] [YT] [Diagnostic] Raw subprocess output will be shown (dlp_verbose_debug=true)
[2026-07-02 18:42:01 +00:00] [YT] [yt-dlp] [Muu Muyu] COMMAND: D:\yt-dlp.exe --wait-for-video 60 --live-from-start --js-runtime node --embed-thumbnail --convert-thumbnail png --write-thumbnail --retries 10 --color always --restrict-filenames --output "[%(upload_date)s] [%(id)s] [%(title)s] [%(channel)s].%(ext)s" https://www.youtube.com/watch?v=WSrznNCR8LA
[2026-07-02 18:42:01 +00:00] [YT] [Download] Started yt-dlp for Muu Muyu: 
[2026-07-02 18:42:03 +00:00] [YT] [yt-dlp] [Muu Muyu] [youtube] Extracting URL: https://www.youtube.com/watch?v=WSrznNCR8LA
[2026-07-02 18:42:03 +00:00] [YT] [yt-dlp] [Muu Muyu] [youtube] WSrznNCR8LA: Downloading webpage
[2026-07-02 18:42:04 +00:00] [YT] [yt-dlp] [Muu Muyu] [youtube] WSrznNCR8LA: Downloading android vr player API JSON
[2026-07-02 18:42:06 +00:00] [YT] [yt-dlp] [Muu Muyu] [info] WSrznNCR8LA: Downloading 1 format(s): 400+251
[2026-07-02 18:42:06 +00:00] [YT] [yt-dlp] [Muu Muyu] [info] Downloading video thumbnail 41 ...
[2026-07-02 18:42:06 +00:00] [YT] [yt-dlp] [Muu Muyu] [info] Writing video thumbnail 41 to: [20260702] [WSrznNCR8LA] [BI_CAT_SO_CUNG_TAI_N_NG_H_I_H_A_CUNG_ZOTRIGANG_TRONG_GAME_V_TR_N_TIM] [Bi_Hu_nh_Gaming].webp
[2026-07-02 18:42:06 +00:00] [YT] [yt-dlp] [Muu Muyu] [ThumbnailsConvertor] Converting thumbnail "[20260702] [WSrznNCR8LA] [BI_CAT_SO_CUNG_TAI_N_NG_H_I_H_A_CUNG_ZOTRIGANG_TRONG_GAME_V_TR_N_TIM] [Bi_Hu_nh_Gaming].webp" to png
[2026-07-02 18:42:06 +00:00] [YT] [yt-dlp] [Muu Muyu] Deleting original file [20260702] [WSrznNCR8LA] [BI_CAT_SO_CUNG_TAI_N_NG_H_I_H_A_CUNG_ZOTRIGANG_TRONG_GAME_V_TR_N_TIM] [Bi_Hu_nh_Gaming].webp (pass -k to keep)
[2026-07-02 18:42:06 +00:00] [YT] [yt-dlp] [Muu Muyu] WARNING: webm doesn't support embedding a thumbnail, mkv will be used
[2026-07-02 18:42:07 +00:00] [YT] [yt-dlp] [Muu Muyu] [download] Destination: [20260702] [WSrznNCR8LA] [BI_CAT_SO_CUNG_TAI_N_NG_H_I_H_A_CUNG_ZOTRIGANG_TRONG_GAME_V_TR_N_TIM] [Bi_Hu_nh_Gaming].f400.mp4
[2026-07-02 18:42:37 +00:00] [YT] [yt-dlp] [Muu Muyu] [download]   9.5% of  975.23MiB at    3.94MiB/s ETA 03:44
[2026-07-02 18:43:07 +00:00] [YT] [yt-dlp] [Muu Muyu] [download]  27.1% of  975.23MiB at    2.55MiB/s ETA 04:39
[2026-07-02 18:43:37 +00:00] [YT] [yt-dlp] [Muu Muyu] [download]  38.9% of  975.23MiB at    6.96MiB/s ETA 01:25
[2026-07-02 18:44:07 +00:00] [YT] [yt-dlp] [Muu Muyu] [download]  52.9% of  975.23MiB at  980.98KiB/s ETA 07:59
[2026-07-02 18:44:38 +00:00] [YT] [yt-dlp] [Muu Muyu] [download]  63.3% of  975.23MiB at    3.24MiB/s ETA 01:50
[2026-07-02 18:45:08 +00:00] [YT] [yt-dlp] [Muu Muyu] [download]  74.1% of  975.23MiB at    3.28MiB/s ETA 01:17
[2026-07-02 18:45:38 +00:00] [YT] [yt-dlp] [Muu Muyu] [download]  83.0% of  975.23MiB at    1.51MiB/s ETA 01:49
[2026-07-02 18:46:08 +00:00] [YT] [yt-dlp] [Muu Muyu] [download]  95.1% of  975.23MiB at    5.07MiB/s ETA 00:09
[2026-07-02 18:46:22 +00:00] [YT] [yt-dlp] [Muu Muyu] [Merger] Merging formats into "[20260702] [WSrznNCR8LA] [BI_CAT_SO_CUNG_TAI_N_NG_H_I_H_A_CUNG_ZOTRIGANG_TRONG_GAME_V_TR_N_TIM] [Bi_Hu_nh_Gaming].mkv"
[2026-07-02 18:46:28 +00:00] [YT] [yt-dlp] [Muu Muyu] Deleting original file [20260702] [WSrznNCR8LA] [BI_CAT_SO_CUNG_TAI_N_NG_H_I_H_A_CUNG_ZOTRIGANG_TRONG_GAME_V_TR_N_TIM] [Bi_Hu_nh_Gaming].f251.webm (pass -k to keep)
[2026-07-02 18:46:28 +00:00] [YT] [yt-dlp] [Muu Muyu] Deleting original file [20260702] [WSrznNCR8LA] [BI_CAT_SO_CUNG_TAI_N_NG_H_I_H_A_CUNG_ZOTRIGANG_TRONG_GAME_V_TR_N_TIM] [Bi_Hu_nh_Gaming].f400.mp4 (pass -k to keep)
[2026-07-02 18:46:31 +00:00] [YT] [yt-dlp] [Muu Muyu] [EmbedThumbnail] ffmpeg: Adding thumbnail to "[20260702] [WSrznNCR8LA] [BI_CAT_SO_CUNG_TAI_N_NG_H_I_H_A_CUNG_ZOTRIGANG_TRONG_GAME_V_TR_N_TIM] [Bi_Hu_nh_Gaming].mkv"
[2026-07-02 18:46:43 +00:00] [YT] [Diagnostic] yt-dlp exit code: 0 | merger_detected: true | file_exists: true | postprocess_failed: false | fragment_failure: false | extractor_failed: false | auth_failure: false | disk_failure: false | process_crashed: false
[2026-07-02 18:46:43 +00:00] [YT] [Success] Download for Muu Muyu finished successfully.
[2026-07-02 18:46:43 +00:00] [YT] [Lock] Deleted: download_yt\.lock-muu_muyu-WSrznNCR8LA
[2026-07-02 18:46:43 +00:00] [YT] [Slot] Released download slot for Muu Muyu. Slots used: 1/10.
[2026-07-02 18:46:43 +00:00] [YT] [Archive] Waiting for the next YT poll before archiving this download.
[2026-07-02 18:46:43 +00:00] [YT] [Archive] Pending YouTube success recorded for WSrznNCR8LA; the next poll will either archive it or retry with another downloader if the stream is still live.
