=== Subprocess Command ===
D:\yt-dlp.exe --wait-for-video 60 --live-from-start --js-runtime node --embed-thumbnail --convert-thumbnail png --write-thumbnail --retries 10 --color always --restrict-filenames --output "[%(upload_date)s] [%(id)s] [%(title)s] [%(channel)s].%(ext)s" https://www.youtube.com/watch?v=aHO2ShHrPCM
=======================

[2026-07-05 07:34:34 +00:00] [YT] [Diagnostic] Raw subprocess output will be shown (dlp_verbose_debug=true)
[2026-07-05 07:34:34 +00:00] [YT] [yt-dlp] [Remilia Nephys] COMMAND: D:\yt-dlp.exe --wait-for-video 60 --live-from-start --js-runtime node --embed-thumbnail --convert-thumbnail png --write-thumbnail --retries 10 --color always --restrict-filenames --output "[%(upload_date)s] [%(id)s] [%(title)s] [%(channel)s].%(ext)s" https://www.youtube.com/watch?v=aHO2ShHrPCM
[2026-07-05 07:34:34 +00:00] [YT] [Download] Started yt-dlp for Remilia Nephys: 4TH OF JULY WATCHALONG! INDEPENDENCE DAY!
[2026-07-05 07:34:36 +00:00] [YT] [yt-dlp] [Remilia Nephys] [youtube] Extracting URL: https://www.youtube.com/watch?v=aHO2ShHrPCM
[2026-07-05 07:34:36 +00:00] [YT] [yt-dlp] [Remilia Nephys] [youtube] aHO2ShHrPCM: Downloading webpage
[2026-07-05 07:34:37 +00:00] [YT] [yt-dlp] [Remilia Nephys] [youtube] aHO2ShHrPCM: Downloading android vr player API JSON
[2026-07-05 07:34:37 +00:00] [YT] [yt-dlp] [Remilia Nephys] [youtube] aHO2ShHrPCM: Downloading MPD manifest
[2026-07-05 07:34:38 +00:00] [YT] [yt-dlp] [Remilia Nephys] [info] aHO2ShHrPCM: Downloading 1 format(s): 299+140
[2026-07-05 07:34:38 +00:00] [YT] [yt-dlp] [Remilia Nephys] [info] Downloading video thumbnail 47 ...
[2026-07-05 07:34:38 +00:00] [YT] [yt-dlp] [Remilia Nephys] [info] Writing video thumbnail 47 to: [20260704] [aHO2ShHrPCM] [4TH_OF_JULY_WATCHALONG_INDEPENDENCE_DAY] [Remilia_Ch._Phase_Connect].webp
[2026-07-05 07:34:39 +00:00] [YT] [yt-dlp] [Remilia Nephys] [ThumbnailsConvertor] Converting thumbnail "[20260704] [aHO2ShHrPCM] [4TH_OF_JULY_WATCHALONG_INDEPENDENCE_DAY] [Remilia_Ch._Phase_Connect].webp" to png
[2026-07-05 07:34:39 +00:00] [YT] [yt-dlp] [Remilia Nephys] Deleting original file [20260704] [aHO2ShHrPCM] [4TH_OF_JULY_WATCHALONG_INDEPENDENCE_DAY] [Remilia_Ch._Phase_Connect].webp (pass -k to keep)
[2026-07-05 07:34:39 +00:00] [YT] [yt-dlp] [Remilia Nephys] [dashsegments] Total fragments: unknown (live)
[2026-07-05 07:34:39 +00:00] [YT] [yt-dlp] [Remilia Nephys] [download] Destination: [20260704] [aHO2ShHrPCM] [4TH_OF_JULY_WATCHALONG_INDEPENDENCE_DAY] [Remilia_Ch._Phase_Connect].f299.mp4
[2026-07-05 07:34:39 +00:00] [YT] [yt-dlp] [Remilia Nephys] [dashsegments] Total fragments: unknown (live)
[2026-07-05 07:35:09 +00:00] [YT] [yt-dlp] [Remilia Nephys] [download]   76.10MiB at    1.79MiB/s (00:00:29) (frag 144/1442)
[2026-07-05 07:35:39 +00:00] [YT] [yt-dlp] [Remilia Nephys] [download]  156.50MiB at    2.80MiB/s (00:01:00) (frag 293/1442)
[2026-07-05 07:36:09 +00:00] [YT] [yt-dlp] [Remilia Nephys] [download]  244.02MiB at    2.98MiB/s (00:01:29) (frag 453/1442)
[2026-07-05 07:36:39 +00:00] [YT] [yt-dlp] [Remilia Nephys] [download]  322.60MiB at    2.91MiB/s (00:02:00) (frag 599/1442)
[2026-07-05 07:37:09 +00:00] [YT] [yt-dlp] [Remilia Nephys] [download]   13.48MiB at   82.30KiB/s (00:02:30) (frag 764/1442)
[2026-07-05 07:37:39 +00:00] [YT] [yt-dlp] [Remilia Nephys] [download]  442.74MiB at    1.33MiB/s (00:03:00) (frag 823/1442)
[2026-07-05 07:38:09 +00:00] [YT] [yt-dlp] [Remilia Nephys] [download]   20.04MiB at  129.90KiB/s (00:03:30) (frag 1135/1442)
[2026-07-05 07:38:39 +00:00] [YT] [yt-dlp] [Remilia Nephys] [download]  521.01MiB at    1.45MiB/s (00:04:00) (frag 968/1442)
[2026-07-05 07:39:09 +00:00] [YT] [yt-dlp] [Remilia Nephys] [download]   27.23MiB at  130.58KiB/s (00:04:30) (frag 1542/1699)
[2026-07-05 07:39:39 +00:00] [YT] [yt-dlp] [Remilia Nephys] [download]   30.08MiB at  108.15KiB/s (00:05:00) (frag 1703/1744)
[2026-07-05 07:40:09 +00:00] [YT] [yt-dlp] [Remilia Nephys] [download]  639.44MiB at    1.39MiB/s (00:05:30) (frag 1190/1442)
[2026-07-05 07:40:40 +00:00] [YT] [yt-dlp] [Remilia Nephys] [download]  675.47MiB at    1.32MiB/s (00:06:00) (frag 1257/1442)
[2026-07-05 07:41:10 +00:00] [YT] [yt-dlp] [Remilia Nephys] [download]  715.29MiB at    1.37MiB/s (00:06:30) (frag 1330/1442)
[2026-07-05 07:41:40 +00:00] [YT] [yt-dlp] [Remilia Nephys] [download]  753.16MiB at    1.22MiB/s (00:07:00) (frag 1401/1442)
[2026-07-05 07:42:10 +00:00] [YT] [yt-dlp] [Remilia Nephys] [download]  790.37MiB at    1.29MiB/s (00:07:30) (frag 1471/1882)
[2026-07-05 07:42:40 +00:00] [YT] [yt-dlp] [Remilia Nephys] [download]  831.15MiB at    2.34MiB/s (00:08:01) (frag 1547/1882)
[2026-07-05 07:43:10 +00:00] [YT] [yt-dlp] [Remilia Nephys] [download]  907.35MiB at    2.13MiB/s (00:08:31) (frag 1689/1882)
[2026-07-05 07:43:40 +00:00] [YT] [yt-dlp] [Remilia Nephys] [download]  995.54MiB at    3.09MiB/s (00:09:01) (frag 1853/1882)
[2026-07-05 07:44:11 +00:00] [YT] [yt-dlp] [Remilia Nephys] [download]    1.05GiB at    1.41MiB/s (00:09:29) (frag 2011/2011)
[2026-07-05 07:44:41 +00:00] [YT] [yt-dlp] [Remilia Nephys] [download]    1.07GiB at    3.15MiB/s (00:09:59) (frag 2042/2042)
[2026-07-05 07:45:11 +00:00] [YT] [yt-dlp] [Remilia Nephys] [download]    1.09GiB at    2.68MiB/s (00:10:29) (frag 2072/2072)
[2026-07-05 07:45:41 +00:00] [YT] [yt-dlp] [Remilia Nephys] [download]    1.10GiB at    3.05MiB/s (00:10:59) (frag 2102/2102)
[2026-07-05 07:46:12 +00:00] [YT] [yt-dlp] [Remilia Nephys] [download]    1.12GiB at    3.25MiB/s (00:11:30) (frag 2132/2132)
[2026-07-05 07:46:42 +00:00] [YT] [yt-dlp] [Remilia Nephys] [download]    1.13GiB at    2.92MiB/s (00:12:00) (frag 2162/2162)
[2026-07-05 07:47:12 +00:00] [YT] [yt-dlp] [Remilia Nephys] [download]    1.15GiB at    2.56MiB/s (00:12:30) (frag 2192/2192)
[2026-07-05 07:47:42 +00:00] [YT] [yt-dlp] [Remilia Nephys] [download]    1.17GiB at    2.27MiB/s (00:13:00) (frag 2222/2222)
[2026-07-05 07:48:12 +00:00] [YT] [yt-dlp] [Remilia Nephys] [download]    1.18GiB at    2.77MiB/s (00:13:30) (frag 2252/2252)
[2026-07-05 07:48:42 +00:00] [YT] [yt-dlp] [Remilia Nephys] [download]    1.20GiB at    2.91MiB/s (00:14:00) (frag 2282/2282)
[2026-07-05 07:49:12 +00:00] [YT] [yt-dlp] [Remilia Nephys] [download]    1.21GiB at    2.57MiB/s (00:14:30) (frag 2312/2312)
[2026-07-05 07:49:42 +00:00] [YT] [yt-dlp] [Remilia Nephys] [download]    1.23GiB at    2.82MiB/s (00:15:00) (frag 2343/2343)
[2026-07-05 07:50:12 +00:00] [YT] [yt-dlp] [Remilia Nephys] [download]    1.24GiB at    3.02MiB/s (00:15:30) (frag 2373/2373)
[2026-07-05 07:50:42 +00:00] [YT] [yt-dlp] [Remilia Nephys] [download]    1.26GiB at    2.81MiB/s (00:16:00) (frag 2403/2403)
[2026-07-05 07:51:12 +00:00] [YT] [yt-dlp] [Remilia Nephys] [download]    1.28GiB at    2.83MiB/s (00:16:30) (frag 2433/2433)
[2026-07-05 07:51:42 +00:00] [YT] [yt-dlp] [Remilia Nephys] [download]    1.29GiB at    1.57MiB/s (00:17:01) (frag 2463/2463)
[2026-07-05 07:52:12 +00:00] [YT] [yt-dlp] [Remilia Nephys] [download]   43.98MiB at      0.00B/s (00:17:33) (frag 2491/2493)
[2026-07-05 07:52:43 +00:00] [YT] [yt-dlp] [Remilia Nephys] [download]    1.32GiB at    3.17MiB/s (00:18:01) (frag 2523/2523)
[2026-07-05 07:53:13 +00:00] [YT] [yt-dlp] [Remilia Nephys] [download]    1.34GiB at    2.45MiB/s (00:18:31) (frag 2553/2553)
[2026-07-05 07:53:43 +00:00] [YT] [yt-dlp] [Remilia Nephys] [download]    1.35GiB at    2.67MiB/s (00:19:01) (frag 2583/2583)
[2026-07-05 07:54:13 +00:00] [YT] [yt-dlp] [Remilia Nephys] [download]    1.37GiB at    2.75MiB/s (00:19:31) (frag 2613/2613)
[2026-07-05 07:54:43 +00:00] [YT] [yt-dlp] [Remilia Nephys] [download]    1.39GiB at    2.51MiB/s (00:20:01) (frag 2643/2643)
[2026-07-05 07:55:13 +00:00] [YT] [yt-dlp] [Remilia Nephys] [download]    1.40GiB at    2.22MiB/s (00:20:31) (frag 2673/2673)
[2026-07-05 07:55:43 +00:00] [YT] [yt-dlp] [Remilia Nephys] [download]    1.42GiB at    3.16MiB/s (00:21:01) (frag 2704/2704)
[2026-07-05 07:56:13 +00:00] [YT] [yt-dlp] [Remilia Nephys] [download]    1.43GiB at    3.17MiB/s (00:21:31) (frag 2734/2734)
[2026-07-05 07:56:43 +00:00] [YT] [yt-dlp] [Remilia Nephys] [download]   48.76MiB at      0.00B/s (00:22:04) (frag 2761/2765)
[2026-07-05 07:57:13 +00:00] [YT] [yt-dlp] [Remilia Nephys] [download]   49.29MiB at      0.00B/s (00:22:34) (frag 2791/2795)
[2026-07-05 07:57:43 +00:00] [YT] [yt-dlp] [Remilia Nephys] [download]   49.82MiB at      0.00B/s (00:23:04) (frag 2821/2826)
[2026-07-05 07:58:14 +00:00] [YT] [yt-dlp] [Remilia Nephys] [download]   50.38MiB at   67.57KiB/s (00:23:34) (frag 2853/2856)
[2026-07-05 07:58:44 +00:00] [YT] [yt-dlp] [Remilia Nephys] [download]   50.90MiB at   58.88KiB/s (00:24:04) (frag 2882/2886)
[2026-07-05 07:59:14 +00:00] [YT] [yt-dlp] [Remilia Nephys] [download]   51.42MiB at      0.00B/s (00:24:34) (frag 2912/2916)
[2026-07-05 07:59:44 +00:00] [YT] [yt-dlp] [Remilia Nephys] [download]   51.96MiB at      0.00B/s (00:25:04) (frag 2942/2946)
[2026-07-05 08:00:14 +00:00] [YT] [yt-dlp] [Remilia Nephys] [download]    1.56GiB at    1.93MiB/s (00:25:32) (frag 2974/2974)
[2026-07-05 08:00:44 +00:00] [YT] [yt-dlp] [Remilia Nephys] [download]    1.58GiB at    2.90MiB/s (00:26:02) (frag 3004/3004)
[2026-07-05 08:01:14 +00:00] [YT] [yt-dlp] [Remilia Nephys] [download]    1.59GiB at    2.88MiB/s (00:26:32) (frag 3034/3034)
[2026-07-05 08:01:44 +00:00] [YT] [yt-dlp] [Remilia Nephys] [download]    1.61GiB at    2.79MiB/s (00:27:02) (frag 3064/3064)
[2026-07-05 08:02:14 +00:00] [YT] [yt-dlp] [Remilia Nephys] [download]    1.62GiB at    2.92MiB/s (00:27:32) (frag 3094/3094)
[2026-07-05 08:02:44 +00:00] [YT] [yt-dlp] [Remilia Nephys] [download]    1.64GiB at    2.64MiB/s (00:28:02) (frag 3125/3125)
[2026-07-05 08:03:14 +00:00] [YT] [yt-dlp] [Remilia Nephys] [download]    1.65GiB at    3.36MiB/s (00:28:32) (frag 3155/3155)
[2026-07-05 08:03:44 +00:00] [YT] [yt-dlp] [Remilia Nephys] [download]    1.67GiB at    2.16MiB/s (00:29:02) (frag 3185/3185)
[2026-07-05 08:04:14 +00:00] [YT] [yt-dlp] [Remilia Nephys] [download]    1.69GiB at    2.37MiB/s (00:29:32) (frag 3215/3215)
[2026-07-05 08:04:44 +00:00] [YT] [yt-dlp] [Remilia Nephys] [download]    1.70GiB at    3.22MiB/s (00:30:02) (frag 3246/3246)
[2026-07-05 08:05:14 +00:00] [YT] [yt-dlp] [Remilia Nephys] [download]    1.72GiB at    2.73MiB/s (00:30:32) (frag 3275/3275)
[2026-07-05 08:05:45 +00:00] [YT] [yt-dlp] [Remilia Nephys] [download]    1.73GiB at    2.97MiB/s (00:31:02) (frag 3305/3305)
[2026-07-05 08:06:15 +00:00] [YT] [yt-dlp] [Remilia Nephys] [download]    1.75GiB at    3.19MiB/s (00:31:32) (frag 3335/3335)
[2026-07-05 08:06:45 +00:00] [YT] [yt-dlp] [Remilia Nephys] [download]    1.76GiB at    2.64MiB/s (00:32:02) (frag 3365/3365)
[2026-07-05 08:07:15 +00:00] [YT] [yt-dlp] [Remilia Nephys] [download]    1.78GiB at    2.62MiB/s (00:32:33) (frag 3395/3395)
[2026-07-05 08:07:45 +00:00] [YT] [yt-dlp] [Remilia Nephys] [download]    1.80GiB at    1.85MiB/s (00:33:03) (frag 3425/3425)
[2026-07-05 08:08:15 +00:00] [YT] [yt-dlp] [Remilia Nephys] [download]    1.81GiB at    2.70MiB/s (00:33:33) (frag 3456/3456)
[2026-07-05 08:08:45 +00:00] [YT] [yt-dlp] [Remilia Nephys] [download]    1.83GiB at    3.18MiB/s (00:34:03) (frag 3485/3485)
[2026-07-05 08:09:15 +00:00] [YT] [yt-dlp] [Remilia Nephys] [download]    1.84GiB at    2.48MiB/s (00:34:33) (frag 3516/3516)
[2026-07-05 08:09:45 +00:00] [YT] [yt-dlp] [Remilia Nephys] [download]    1.86GiB at    3.06MiB/s (00:35:03) (frag 3546/3546)
[2026-07-05 08:10:15 +00:00] [YT] [yt-dlp] [Remilia Nephys] [download]    1.88GiB at    3.10MiB/s (00:35:33) (frag 3576/3576)
[2026-07-05 08:10:45 +00:00] [YT] [yt-dlp] [Remilia Nephys] [download]    1.89GiB at    2.73MiB/s (00:36:03) (frag 3606/3606)
[2026-07-05 08:11:15 +00:00] [YT] [yt-dlp] [Remilia Nephys] [download]    1.91GiB at    2.91MiB/s (00:36:33) (frag 3636/3636)
[2026-07-05 08:11:45 +00:00] [YT] [yt-dlp] [Remilia Nephys] [download]    1.92GiB at    3.42MiB/s (00:37:03) (frag 3666/3666)
[2026-07-05 08:12:15 +00:00] [YT] [yt-dlp] [Remilia Nephys] [download]    1.94GiB at    2.32MiB/s (00:37:34) (frag 3696/3696)
[2026-07-05 08:12:45 +00:00] [YT] [yt-dlp] [Remilia Nephys] [download]    1.95GiB at    2.51MiB/s (00:38:04) (frag 3726/3726)
[2026-07-05 08:13:16 +00:00] [YT] [yt-dlp] [Remilia Nephys] [download]    1.97GiB at    2.81MiB/s (00:38:34) (frag 3756/3756)
[2026-07-05 08:13:46 +00:00] [YT] [yt-dlp] [Remilia Nephys] [download]    1.99GiB at    2.13MiB/s (00:39:04) (frag 3786/3786)
[2026-07-05 08:14:16 +00:00] [YT] [yt-dlp] [Remilia Nephys] [download]    2.00GiB at    1.66MiB/s (00:39:35) (frag 3816/3816)
[2026-07-05 08:14:46 +00:00] [YT] [yt-dlp] [Remilia Nephys] [download]    2.02GiB at  899.02KiB/s (00:40:04) (frag 3847/3847)
[2026-07-05 08:15:16 +00:00] [YT] [yt-dlp] [Remilia Nephys] [download]    2.03GiB at    2.37MiB/s (00:40:34) (frag 3876/3876)
[2026-07-05 08:15:46 +00:00] [YT] [yt-dlp] [Remilia Nephys] [download]    2.05GiB at    3.15MiB/s (00:41:04) (frag 3907/3907)
[2026-07-05 08:16:16 +00:00] [YT] [yt-dlp] [Remilia Nephys] [download]    2.06GiB at    2.46MiB/s (00:41:34) (frag 3937/3937)
[2026-07-05 08:16:46 +00:00] [YT] [yt-dlp] [Remilia Nephys] [download]    2.08GiB at    2.57MiB/s (00:42:04) (frag 3967/3967)
[2026-07-05 08:17:16 +00:00] [YT] [yt-dlp] [Remilia Nephys] [download]    2.10GiB at    2.78MiB/s (00:42:34) (frag 3997/3997)
[2026-07-05 08:17:46 +00:00] [YT] [yt-dlp] [Remilia Nephys] [download]    2.11GiB at    2.69MiB/s (00:43:04) (frag 4027/4027)
[2026-07-05 08:18:16 +00:00] [YT] [yt-dlp] [Remilia Nephys] [download]    2.13GiB at    2.50MiB/s (00:43:34) (frag 4057/4057)
[2026-07-05 08:18:46 +00:00] [YT] [yt-dlp] [Remilia Nephys] [download]    2.14GiB at    2.79MiB/s (00:44:05) (frag 4087/4087)
[2026-07-05 08:19:17 +00:00] [YT] [yt-dlp] [Remilia Nephys] [download]    2.16GiB at    2.88MiB/s (00:44:35) (frag 4117/4117)
[2026-07-05 08:19:47 +00:00] [YT] [yt-dlp] [Remilia Nephys] [download]    2.17GiB at    2.44MiB/s (00:45:05) (frag 4147/4147)
[2026-07-05 08:20:17 +00:00] [YT] [yt-dlp] [Remilia Nephys] [download]    2.19GiB at    2.82MiB/s (00:45:35) (frag 4177/4177)
[2026-07-05 08:20:47 +00:00] [YT] [yt-dlp] [Remilia Nephys] [download]    2.21GiB at    3.12MiB/s (00:46:05) (frag 4207/4207)
[2026-07-05 08:21:17 +00:00] [YT] [yt-dlp] [Remilia Nephys] [download]   74.82MiB at  109.50KiB/s (00:46:38) (frag 4236/4239)
[2026-07-05 08:21:47 +00:00] [YT] [yt-dlp] [Remilia Nephys] [download]   75.32MiB at      0.00B/s (00:47:08) (frag 4265/4269)
[2026-07-05 08:22:17 +00:00] [YT] [yt-dlp] [Remilia Nephys] [download]   75.85MiB at      0.00B/s (00:47:38) (frag 4295/4299)
[2026-07-05 08:22:47 +00:00] [YT] [yt-dlp] [Remilia Nephys] [download]    2.27GiB at    3.07MiB/s (00:48:05) (frag 4327/4327)
[2026-07-05 08:23:17 +00:00] [YT] [yt-dlp] [Remilia Nephys] [download]    2.28GiB at    3.49MiB/s (00:48:35) (frag 4357/4357)
[2026-07-05 08:23:47 +00:00] [YT] [yt-dlp] [Remilia Nephys] [download]    2.30GiB at    1.41MiB/s (00:49:06) (frag 4387/4387)
[2026-07-05 08:24:17 +00:00] [YT] [yt-dlp] [Remilia Nephys] [download]    2.32GiB at    2.94MiB/s (00:49:36) (frag 4418/4418)
[2026-07-05 08:24:47 +00:00] [YT] [yt-dlp] [Remilia Nephys] [download]    2.33GiB at    3.26MiB/s (00:50:05) (frag 4448/4448)
[2026-07-05 08:25:17 +00:00] [YT] [yt-dlp] [Remilia Nephys] [download]    2.35GiB at    2.65MiB/s (00:50:35) (frag 4478/4478)
[2026-07-05 08:25:48 +00:00] [YT] [yt-dlp] [Remilia Nephys] [download]   79.57MiB at      0.00B/s (00:51:08) (frag 4506/4510)
[2026-07-05 08:26:18 +00:00] [YT] [yt-dlp] [Remilia Nephys] [download]    2.38GiB at    2.77MiB/s (00:51:36) (frag 4538/4538)
[2026-07-05 08:26:48 +00:00] [YT] [yt-dlp] [Remilia Nephys] [download]    2.40GiB at    3.26MiB/s (00:52:06) (frag 4568/4568)
[2026-07-05 08:27:18 +00:00] [YT] [yt-dlp] [Remilia Nephys] [download]   81.19MiB at      0.00B/s (00:52:38) (frag 4597/4600)
[2026-07-05 08:27:48 +00:00] [YT] [yt-dlp] [Remilia Nephys] [download]   81.72MiB at      0.00B/s (00:53:08) (frag 4627/4630)
[2026-07-05 08:28:18 +00:00] [YT] [yt-dlp] [Remilia Nephys] [download]   82.24MiB at      0.00B/s (00:53:39) (frag 4657/4660)
[2026-07-05 08:28:48 +00:00] [YT] [yt-dlp] [Remilia Nephys] [download]   82.75MiB at      0.00B/s (00:54:09) (frag 4686/4691)
[2026-07-05 08:29:18 +00:00] [YT] [yt-dlp] [Remilia Nephys] [download]   83.29MiB at      0.00B/s (00:54:39) (frag 4716/4721)
[2026-07-05 08:29:48 +00:00] [YT] [yt-dlp] [Remilia Nephys] [download]    2.49GiB at    1.16MiB/s (00:55:07) (frag 4748/4748)
[2026-07-05 08:30:18 +00:00] [YT] [yt-dlp] [Remilia Nephys] [download]   84.37MiB at      0.00B/s (00:55:39) (frag 4777/4781)
[2026-07-05 08:30:48 +00:00] [YT] [yt-dlp] [Remilia Nephys] [download]   84.90MiB at      0.00B/s (00:56:09) (frag 4807/4811)
[2026-07-05 08:31:18 +00:00] [YT] [yt-dlp] [Remilia Nephys] [download]   85.42MiB at      0.00B/s (00:56:39) (frag 4837/4841)
[2026-07-05 08:31:49 +00:00] [YT] [yt-dlp] [Remilia Nephys] [download]   85.95MiB at      0.00B/s (00:57:09) (frag 4867/4871)
[2026-07-05 08:32:19 +00:00] [YT] [yt-dlp] [Remilia Nephys] [download]   86.48MiB at      0.00B/s (00:57:39) (frag 4897/4901)
[2026-07-05 08:32:49 +00:00] [YT] [yt-dlp] [Remilia Nephys] [download]   87.02MiB at      0.00B/s (00:58:09) (frag 4927/4931)
[2026-07-05 08:33:19 +00:00] [YT] [yt-dlp] [Remilia Nephys] [download]    2.60GiB at    2.39MiB/s (00:58:37) (frag 4959/4959)
[2026-07-05 08:33:49 +00:00] [YT] [yt-dlp] [Remilia Nephys] [download]    2.62GiB at    2.52MiB/s (00:59:07) (frag 4989/4989)
[2026-07-05 08:34:19 +00:00] [YT] [yt-dlp] [Remilia Nephys] [download]    2.63GiB at    2.02MiB/s (00:59:38) (frag 5019/5019)
[2026-07-05 08:34:49 +00:00] [YT] [yt-dlp] [Remilia Nephys] [download]    2.65GiB at    2.34MiB/s (01:00:07) (frag 5049/5049)
[2026-07-05 08:35:19 +00:00] [YT] [yt-dlp] [Remilia Nephys] [download]    2.66GiB at    2.08MiB/s (01:00:37) (frag 5079/5079)
[2026-07-05 08:35:49 +00:00] [YT] [yt-dlp] [Remilia Nephys] [download]    2.68GiB at    2.92MiB/s (01:01:07) (frag 5110/5110)
[2026-07-05 08:36:19 +00:00] [YT] [yt-dlp] [Remilia Nephys] [download]    2.69GiB at    2.66MiB/s (01:01:37) (frag 5139/5139)
[2026-07-05 08:36:49 +00:00] [YT] [yt-dlp] [Remilia Nephys] [download]    2.71GiB at    2.44MiB/s (01:02:08) (frag 5170/5170)
[2026-07-05 08:37:19 +00:00] [YT] [yt-dlp] [Remilia Nephys] [download]    2.73GiB at    2.02MiB/s (01:02:38) (frag 5200/5200)
[2026-07-05 08:37:49 +00:00] [YT] [yt-dlp] [Remilia Nephys] [download]    2.74GiB at    2.71MiB/s (01:03:08) (frag 5230/5230)
[2026-07-05 08:38:19 +00:00] [YT] [yt-dlp] [Remilia Nephys] [download]    2.76GiB at    2.10MiB/s (01:03:38) (frag 5260/5260)
[2026-07-05 08:38:50 +00:00] [YT] [yt-dlp] [Remilia Nephys] [download]    2.77GiB at    2.52MiB/s (01:04:08) (frag 5290/5290)
[2026-07-05 08:39:20 +00:00] [YT] [yt-dlp] [Remilia Nephys] [download]    2.79GiB at    2.85MiB/s (01:04:38) (frag 5320/5320)
[2026-07-05 08:39:50 +00:00] [YT] [yt-dlp] [Remilia Nephys] [download]    2.81GiB at    2.69MiB/s (01:05:08) (frag 5350/5350)
[2026-07-05 08:40:20 +00:00] [YT] [yt-dlp] [Remilia Nephys] [download]    2.82GiB at    2.42MiB/s (01:05:38) (frag 5380/5380)
[2026-07-05 08:40:50 +00:00] [YT] [yt-dlp] [Remilia Nephys] [download]    2.84GiB at    2.56MiB/s (01:06:08) (frag 5410/5410)
[2026-07-05 08:41:20 +00:00] [YT] [yt-dlp] [Remilia Nephys] [download]    2.85GiB at  941.96KiB/s (01:06:40) (frag 5440/5440)
[2026-07-05 08:41:50 +00:00] [YT] [yt-dlp] [Remilia Nephys] [download]   96.61MiB at   58.38KiB/s (01:07:11) (frag 5470/5473)
[2026-07-05 08:42:20 +00:00] [YT] [yt-dlp] [Remilia Nephys] [download]   97.13MiB at      0.00B/s (01:07:41) (frag 5499/5504)
[2026-07-05 08:42:50 +00:00] [YT] [yt-dlp] [Remilia Nephys] [download]   97.65MiB at      0.00B/s (01:08:11) (frag 5529/5533)
[2026-07-05 08:43:20 +00:00] [YT] [yt-dlp] [Remilia Nephys] [download]    2.92GiB at    2.30MiB/s (01:08:39) (frag 5561/5561)
[2026-07-05 08:43:50 +00:00] [YT] [yt-dlp] [Remilia Nephys] [download]    2.93GiB at    3.10MiB/s (01:09:09) (frag 5591/5591)
[2026-07-05 08:44:20 +00:00] [YT] [yt-dlp] [Remilia Nephys] [download]    2.95GiB at    2.51MiB/s (01:09:39) (frag 5621/5621)
[2026-07-05 08:44:50 +00:00] [YT] [yt-dlp] [Remilia Nephys] [download]    2.96GiB at    2.56MiB/s (01:10:09) (frag 5652/5652)
[2026-07-05 08:45:20 +00:00] [YT] [yt-dlp] [Remilia Nephys] [download]    2.98GiB at    2.07MiB/s (01:10:39) (frag 5681/5681)
[2026-07-05 08:45:51 +00:00] [YT] [yt-dlp] [Remilia Nephys] [download]    2.99GiB at    2.02MiB/s (01:11:09) (frag 5711/5711)
[2026-07-05 08:46:21 +00:00] [YT] [yt-dlp] [Remilia Nephys] [download]    3.01GiB at    2.28MiB/s (01:11:39) (frag 5741/5741)
[2026-07-05 08:46:51 +00:00] [YT] [yt-dlp] [Remilia Nephys] [download]    3.03GiB at    2.64MiB/s (01:12:09) (frag 5771/5771)
[2026-07-05 08:47:21 +00:00] [YT] [yt-dlp] [Remilia Nephys] [download]    3.04GiB at    1.85MiB/s (01:12:40) (frag 5801/5801)
[2026-07-05 08:47:51 +00:00] [YT] [yt-dlp] [Remilia Nephys] [download]    3.06GiB at    2.81MiB/s (01:13:09) (frag 5831/5831)
[2026-07-05 08:48:21 +00:00] [YT] [yt-dlp] [Remilia Nephys] [download]    3.07GiB at    1.70MiB/s (01:13:40) (frag 5861/5861)
[2026-07-05 08:48:51 +00:00] [YT] [yt-dlp] [Remilia Nephys] [download]    3.09GiB at    2.90MiB/s (01:14:10) (frag 5891/5891)
[2026-07-05 08:49:21 +00:00] [YT] [yt-dlp] [Remilia Nephys] [download]    3.11GiB at    2.88MiB/s (01:14:40) (frag 5922/5922)
[2026-07-05 08:49:51 +00:00] [YT] [yt-dlp] [Remilia Nephys] [download]    3.12GiB at    2.74MiB/s (01:15:09) (frag 5952/5952)
[2026-07-05 08:50:21 +00:00] [YT] [yt-dlp] [Remilia Nephys] [download]    3.14GiB at    2.68MiB/s (01:15:40) (frag 5982/5982)
[2026-07-05 08:50:51 +00:00] [YT] [yt-dlp] [Remilia Nephys] [download]    3.15GiB at    3.01MiB/s (01:16:10) (frag 6012/6012)
[2026-07-05 08:51:21 +00:00] [YT] [yt-dlp] [Remilia Nephys] [download]    3.17GiB at    3.11MiB/s (01:16:40) (frag 6042/6042)
[2026-07-05 08:51:51 +00:00] [YT] [yt-dlp] [Remilia Nephys] [download]    3.18GiB at    1.55MiB/s (01:17:11) (frag 6072/6072)
[2026-07-05 08:52:21 +00:00] [YT] [yt-dlp] [Remilia Nephys] [download]    3.20GiB at    2.51MiB/s (01:17:40) (frag 6102/6102)
[2026-07-05 08:52:52 +00:00] [YT] [yt-dlp] [Remilia Nephys] [download]    3.22GiB at    2.08MiB/s (01:18:10) (frag 6132/6132)
[2026-07-05 08:53:22 +00:00] [YT] [yt-dlp] [Remilia Nephys] [download]    3.23GiB at    2.48MiB/s (01:18:40) (frag 6162/6162)
[2026-07-05 08:53:52 +00:00] [YT] [yt-dlp] [Remilia Nephys] [download]    3.25GiB at    2.77MiB/s (01:19:11) (frag 6192/6192)
[2026-07-05 08:54:22 +00:00] [YT] [yt-dlp] [Remilia Nephys] [download]    3.26GiB at    3.45MiB/s (01:19:40) (frag 6222/6222)
[2026-07-05 08:54:52 +00:00] [YT] [yt-dlp] [Remilia Nephys] [download]    3.28GiB at    2.41MiB/s (01:20:10) (frag 6252/6252)
[2026-07-05 08:55:22 +00:00] [YT] [yt-dlp] [Remilia Nephys] [download]    3.29GiB at    2.70MiB/s (01:20:41) (frag 6282/6282)
[2026-07-05 08:55:52 +00:00] [YT] [yt-dlp] [Remilia Nephys] [download]    3.31GiB at    3.21MiB/s (01:21:11) (frag 6312/6312)
[2026-07-05 08:56:22 +00:00] [YT] [yt-dlp] [Remilia Nephys] [download]    3.33GiB at    2.05MiB/s (01:21:40) (frag 6342/6342)
[2026-07-05 08:56:52 +00:00] [YT] [yt-dlp] [Remilia Nephys] [download]    3.34GiB at    2.59MiB/s (01:22:11) (frag 6373/6373)
[2026-07-05 08:57:22 +00:00] [YT] [yt-dlp] [Remilia Nephys] [download]    3.36GiB at    2.39MiB/s (01:22:41) (frag 6403/6403)
[2026-07-05 08:57:52 +00:00] [YT] [yt-dlp] [Remilia Nephys] [download]    3.37GiB at    3.15MiB/s (01:23:11) (frag 6433/6433)
[2026-07-05 08:58:22 +00:00] [YT] [yt-dlp] [Remilia Nephys] [download]    3.39GiB at    2.99MiB/s (01:23:41) (frag 6463/6463)
[2026-07-05 08:58:53 +00:00] [YT] [yt-dlp] [Remilia Nephys] [download]    3.40GiB at    3.35MiB/s (01:24:11) (frag 6493/6493)
[2026-07-05 08:59:23 +00:00] [YT] [yt-dlp] [Remilia Nephys] [download]    3.42GiB at    3.28MiB/s (01:24:41) (frag 6523/6523)
[2026-07-05 08:59:53 +00:00] [YT] [yt-dlp] [Remilia Nephys] [download]    3.44GiB at    2.25MiB/s (01:25:11) (frag 6553/6553)
[2026-07-05 09:00:23 +00:00] [YT] [yt-dlp] [Remilia Nephys] [download]    3.45GiB at    2.72MiB/s (01:25:41) (frag 6583/6583)
[2026-07-05 09:00:53 +00:00] [YT] [yt-dlp] [Remilia Nephys] [download]    3.47GiB at    3.09MiB/s (01:26:11) (frag 6613/6613)
[2026-07-05 09:01:23 +00:00] [YT] [yt-dlp] [Remilia Nephys] [download]    3.48GiB at    2.71MiB/s (01:26:41) (frag 6643/6643)
[2026-07-05 09:01:53 +00:00] [YT] [yt-dlp] [Remilia Nephys] [download]    3.50GiB at    2.67MiB/s (01:27:11) (frag 6671/6671)
[2026-07-05 09:02:23 +00:00] [YT] [yt-dlp] [Remilia Nephys] [download]    3.51GiB at    2.27MiB/s (01:27:42) (frag 6703/6703)
[2026-07-05 09:02:53 +00:00] [YT] [yt-dlp] [Remilia Nephys] [download]    3.53GiB at    2.96MiB/s (01:28:12) (frag 6734/6734)
[2026-07-05 09:03:23 +00:00] [YT] [yt-dlp] [Remilia Nephys] [download]    3.55GiB at    3.00MiB/s (01:28:42) (frag 6763/6763)
[2026-07-05 09:03:53 +00:00] [YT] [yt-dlp] [Remilia Nephys] [download]    3.56GiB at    2.95MiB/s (01:29:12) (frag 6794/6794)
[2026-07-05 09:04:23 +00:00] [YT] [yt-dlp] [Remilia Nephys] [download]    3.58GiB at    3.57MiB/s (01:29:42) (frag 6824/6824)
[2026-07-05 09:04:54 +00:00] [YT] [yt-dlp] [Remilia Nephys] [download]    3.59GiB at    1.87MiB/s (01:30:13) (frag 6854/6854)
[2026-07-05 09:05:24 +00:00] [YT] [yt-dlp] [Remilia Nephys] [download]  121.55MiB at      0.00B/s (01:30:44) (frag 6882/6886)
[2026-07-05 09:05:54 +00:00] [YT] [yt-dlp] [Remilia Nephys] [download]  122.10MiB at      0.00B/s (01:31:14) (frag 6913/6917)
[2026-07-05 09:06:24 +00:00] [YT] [yt-dlp] [Remilia Nephys] [download]  122.63MiB at      0.00B/s (01:31:44) (frag 6943/6947)
[2026-07-05 09:06:54 +00:00] [YT] [yt-dlp] [Remilia Nephys] [download]  123.16MiB at      0.00B/s (01:32:14) (frag 6972/6977)
[2026-07-05 09:07:24 +00:00] [YT] [yt-dlp] [Remilia Nephys] [download]    3.67GiB at    2.94MiB/s (01:32:42) (frag 7004/7004)
[2026-07-05 09:07:54 +00:00] [YT] [yt-dlp] [Remilia Nephys] [download]    3.69GiB at    2.11MiB/s (01:33:13) (frag 7034/7034)
[2026-07-05 09:08:24 +00:00] [YT] [yt-dlp] [Remilia Nephys] [download]    3.70GiB at    2.74MiB/s (01:33:42) (frag 7064/7064)
[2026-07-05 09:08:54 +00:00] [YT] [yt-dlp] [Remilia Nephys] [download]    3.72GiB at    3.04MiB/s (01:34:12) (frag 7094/7094)
[2026-07-05 09:09:24 +00:00] [YT] [yt-dlp] [Remilia Nephys] [download]    3.73GiB at    2.14MiB/s (01:34:43) (frag 7125/7125)
[2026-07-05 09:09:54 +00:00] [YT] [yt-dlp] [Remilia Nephys] [download]    3.75GiB at    3.10MiB/s (01:35:13) (frag 7155/7155)
[2026-07-05 09:10:24 +00:00] [YT] [yt-dlp] [Remilia Nephys] [download]  126.87MiB at      0.00B/s (01:35:45) (frag 7183/7187)
[2026-07-05 09:10:54 +00:00] [YT] [yt-dlp] [Remilia Nephys] [download]  127.38MiB at      0.00B/s (01:36:15) (frag 7212/7215)
[2026-07-05 09:11:24 +00:00] [YT] [yt-dlp] [Remilia Nephys] [download]  127.92MiB at      0.00B/s (01:36:45) (frag 7242/7247)
[2026-07-05 09:11:55 +00:00] [YT] [yt-dlp] [Remilia Nephys] [download]    3.81GiB at    2.49MiB/s (01:37:13) (frag 7275/7275)
[2026-07-05 09:12:25 +00:00] [YT] [yt-dlp] [Remilia Nephys] [download]    3.83GiB at    2.62MiB/s (01:37:43) (frag 7305/7305)
[2026-07-05 09:12:55 +00:00] [YT] [yt-dlp] [Remilia Nephys] [download]    3.85GiB at    2.82MiB/s (01:38:13) (frag 7335/7335)
[2026-07-05 09:13:25 +00:00] [YT] [yt-dlp] [Remilia Nephys] [download]  130.08MiB at  103.44KiB/s (01:38:46) (frag 7365/7368)
[2026-07-05 09:13:55 +00:00] [YT] [yt-dlp] [Remilia Nephys] [download]  130.62MiB at  103.92KiB/s (01:39:16) (frag 7396/7398)
[2026-07-05 09:14:25 +00:00] [YT] [yt-dlp] [Remilia Nephys] [download]  131.16MiB at  119.56KiB/s (01:39:46) (frag 7425/7428)
[2026-07-05 09:14:57 +00:00] [YT] [yt-dlp] [Remilia Nephys] [download]  131.68MiB at   59.01KiB/s (01:40:16) (frag 7455/7455)
[2026-07-05 09:15:27 +00:00] [YT] [yt-dlp] [Remilia Nephys] [download]  132.28MiB at  174.63KiB/s (01:40:46) (frag 7489/7489)
[2026-07-05 09:15:57 +00:00] [YT] [yt-dlp] [Remilia Nephys] [download]    3.94GiB at      0.00B/s (01:41:18) (frag 7516/7521)
[2026-07-05 09:16:27 +00:00] [YT] [yt-dlp] [Remilia Nephys] [download]    3.96GiB at      0.00B/s (01:41:48) (frag 7546/7551)
[2026-07-05 09:16:57 +00:00] [YT] [yt-dlp] [Remilia Nephys] [download]  133.86MiB at  173.69KiB/s (01:42:16) (frag 7579/7579)
[2026-07-05 09:17:28 +00:00] [YT] [yt-dlp] [Remilia Nephys] [download]  134.39MiB at  180.70KiB/s (01:42:46) (frag 7609/7609)
[2026-07-05 09:17:58 +00:00] [YT] [yt-dlp] [Remilia Nephys] [download]    4.00GiB at  942.96KiB/s (01:43:18) (frag 7637/7641)
[2026-07-05 09:18:28 +00:00] [YT] [yt-dlp] [Remilia Nephys] [download]    4.02GiB at      0.00B/s (01:43:48) (frag 7667/7671)
[2026-07-05 09:18:58 +00:00] [YT] [yt-dlp] [Remilia Nephys] [download]    4.04GiB at    1.92MiB/s (01:44:18) (frag 7697/7701)
[2026-07-05 09:19:28 +00:00] [YT] [yt-dlp] [Remilia Nephys] [download]    4.05GiB at      0.00B/s (01:44:49) (frag 7726/7731)
[2026-07-05 09:19:58 +00:00] [YT] [yt-dlp] [Remilia Nephys] [download]  137.04MiB at  145.64KiB/s (01:45:17) (frag 7759/7759)
[2026-07-05 09:20:28 +00:00] [YT] [yt-dlp] [Remilia Nephys] [download]  137.57MiB at  152.71KiB/s (01:45:47) (frag 7789/7789)
[2026-07-05 09:20:58 +00:00] [YT] [yt-dlp] [Remilia Nephys] [download]  138.11MiB at  155.78KiB/s (01:46:17) (frag 7819/7819)
[2026-07-05 09:21:28 +00:00] [YT] [yt-dlp] [Remilia Nephys] [download]    4.11GiB at      0.00B/s (01:46:49) (frag 7846/7851)
[2026-07-05 09:21:58 +00:00] [YT] [yt-dlp] [Remilia Nephys] [download]  139.18MiB at  159.42KiB/s (01:47:17) (frag 7880/7880)
[2026-07-05 09:22:28 +00:00] [YT] [yt-dlp] [Remilia Nephys] [download]  139.69MiB at  140.89KiB/s (01:47:47) (frag 7909/7909)
[2026-07-05 09:22:58 +00:00] [YT] [yt-dlp] [Remilia Nephys] [download]  140.22MiB at   64.60KiB/s (01:48:18) (frag 7939/7939)
[2026-07-05 09:23:28 +00:00] [YT] [yt-dlp] [Remilia Nephys] [download]    4.18GiB at      0.00B/s (01:48:49) (frag 7967/7971)
[2026-07-05 09:23:58 +00:00] [YT] [yt-dlp] [Remilia Nephys] [download]    4.19GiB at    2.41MiB/s (01:49:19) (frag 7997/8001)
[2026-07-05 09:24:29 +00:00] [YT] [yt-dlp] [Remilia Nephys] [download]    4.21GiB at      0.00B/s (01:49:49) (frag 8027/8031)
[2026-07-05 09:24:59 +00:00] [YT] [yt-dlp] [Remilia Nephys] [download]    4.22GiB at      0.00B/s (01:50:19) (frag 8056/8060)
[2026-07-05 09:25:29 +00:00] [YT] [yt-dlp] [Remilia Nephys] [download]    4.24GiB at  609.68KiB/s (01:50:49) (frag 8085/8091)
[2026-07-05 09:25:59 +00:00] [YT] [yt-dlp] [Remilia Nephys] [download]    4.26GiB at      0.00B/s (01:51:19) (frag 8117/8120)
[2026-07-05 09:26:29 +00:00] [YT] [yt-dlp] [Remilia Nephys] [download]    4.27GiB at    2.00MiB/s (01:51:49) (frag 8147/8151)
[2026-07-05 09:26:59 +00:00] [YT] [yt-dlp] [Remilia Nephys] [download]    4.29GiB at    2.41MiB/s (01:52:19) (frag 8177/8181)
[2026-07-05 09:27:29 +00:00] [YT] [yt-dlp] [Remilia Nephys] [download]    4.30GiB at 1007.18KiB/s (01:52:50) (frag 8208/8211)
[2026-07-05 09:27:59 +00:00] [YT] [yt-dlp] [Remilia Nephys] [download]    4.32GiB at    2.37MiB/s (01:53:20) (frag 8237/8241)
[2026-07-05 09:28:29 +00:00] [YT] [yt-dlp] [Remilia Nephys] [download]    4.33GiB at    2.41MiB/s (01:53:49) (frag 8267/8271)
[2026-07-05 09:28:59 +00:00] [YT] [yt-dlp] [Remilia Nephys] [download]    4.35GiB at    2.47MiB/s (01:54:20) (frag 8297/8301)
[2026-07-05 09:29:29 +00:00] [YT] [yt-dlp] [Remilia Nephys] [download]    4.37GiB at  848.66KiB/s (01:54:50) (frag 8327/8331)
[2026-07-05 09:29:59 +00:00] [YT] [yt-dlp] [Remilia Nephys] [download]    4.38GiB at    2.77MiB/s (01:55:20) (frag 8357/8361)
[2026-07-05 09:30:29 +00:00] [YT] [yt-dlp] [Remilia Nephys] [download]  148.18MiB at   94.23KiB/s (01:55:48) (frag 8389/8389)
[2026-07-05 09:30:59 +00:00] [YT] [yt-dlp] [Remilia Nephys] [download]    4.41GiB at      0.00B/s (01:56:20) (frag 8417/8421)
[2026-07-05 09:31:29 +00:00] [YT] [yt-dlp] [Remilia Nephys] [download]    4.43GiB at    2.92MiB/s (01:56:50) (frag 8447/8452)
[2026-07-05 09:31:59 +00:00] [YT] [yt-dlp] [Remilia Nephys] [download]    4.44GiB at  871.95KiB/s (01:57:20) (frag 8477/8481)
[2026-07-05 09:32:29 +00:00] [YT] [yt-dlp] [Remilia Nephys] [download]    4.46GiB at    2.30MiB/s (01:57:50) (frag 8508/8511)
[2026-07-05 09:32:59 +00:00] [YT] [yt-dlp] [Remilia Nephys] [download]  150.83MiB at   97.94KiB/s (01:58:18) (frag 8539/8539)
[2026-07-05 09:33:30 +00:00] [YT] [yt-dlp] [Remilia Nephys] [download]    4.49GiB at    2.88MiB/s (01:58:50) (frag 8568/8572)
[2026-07-05 09:34:00 +00:00] [YT] [yt-dlp] [Remilia Nephys] [download]    4.51GiB at    1.92MiB/s (01:59:20) (frag 8598/8602)
[2026-07-05 09:34:30 +00:00] [YT] [yt-dlp] [Remilia Nephys] [download]    4.52GiB at    2.41MiB/s (01:59:50) (frag 8628/8631)
[2026-07-05 09:35:00 +00:00] [YT] [yt-dlp] [Remilia Nephys] [download]    4.54GiB at      0.00B/s (02:00:20) (frag 8657/8661)
[2026-07-05 09:35:30 +00:00] [YT] [yt-dlp] [Remilia Nephys] [download]    4.55GiB at    2.41MiB/s (02:00:50) (frag 8687/8691)
[2026-07-05 09:36:00 +00:00] [YT] [yt-dlp] [Remilia Nephys] [download]    4.57GiB at      0.00B/s (02:01:20) (frag 8717/8721)
[2026-07-05 09:36:30 +00:00] [YT] [yt-dlp] [Remilia Nephys] [download]    4.59GiB at      0.00B/s (02:01:50) (frag 8745/8751)
[2026-07-05 09:37:00 +00:00] [YT] [yt-dlp] [Remilia Nephys] [download]    4.60GiB at      0.00B/s (02:02:20) (frag 8778/8782)
[2026-07-05 09:37:30 +00:00] [YT] [yt-dlp] [Remilia Nephys] [download]    4.62GiB at  740.55KiB/s (02:02:50) (frag 8808/8812)
[2026-07-05 09:38:00 +00:00] [YT] [yt-dlp] [Remilia Nephys] [download]    4.63GiB at  300.00KiB/s (02:03:20) (frag 8837/8842)
[2026-07-05 09:38:30 +00:00] [YT] [yt-dlp] [Remilia Nephys] [download]  156.62MiB at   89.34KiB/s (02:03:48) (frag 8867/8867)
[2026-07-05 09:39:00 +00:00] [YT] [yt-dlp] [Remilia Nephys] [download]  157.21MiB at  153.16KiB/s (02:04:19) (frag 8900/8900)
[2026-07-05 09:39:30 +00:00] [YT] [yt-dlp] [Remilia Nephys] [download]    4.68GiB at      0.00B/s (02:04:51) (frag 8927/8932)
[2026-07-05 09:40:00 +00:00] [YT] [yt-dlp] [Remilia Nephys] [download]    4.70GiB at      0.00B/s (02:05:21) (frag 8957/8962)
[2026-07-05 09:40:31 +00:00] [YT] [yt-dlp] [Remilia Nephys] [download]  158.80MiB at   91.24KiB/s (02:05:49) (frag 8991/8991)
[2026-07-05 09:41:01 +00:00] [YT] [yt-dlp] [Remilia Nephys] [download]    4.73GiB at    2.31MiB/s (02:06:21) (frag 9018/9022)
[2026-07-05 09:41:31 +00:00] [YT] [yt-dlp] [Remilia Nephys] [download]    4.74GiB at    2.05MiB/s (02:06:52) (frag 9050/9052)
[2026-07-05 09:42:01 +00:00] [YT] [yt-dlp] [Remilia Nephys] [download]    4.76GiB at    1.89MiB/s (02:07:22) (frag 9080/9082)
[2026-07-05 09:42:31 +00:00] [YT] [yt-dlp] [Remilia Nephys] [download]    4.78GiB at    1.93MiB/s (02:07:52) (frag 9111/9112)
[2026-07-05 09:43:01 +00:00] [YT] [yt-dlp] [Remilia Nephys] [download]    4.79GiB at  428.23KiB/s (02:08:22) (frag 9138/9142)
[2026-07-05 09:43:33 +00:00] [YT] [yt-dlp] [Remilia Nephys] [download]    4.81GiB at    2.72MiB/s (02:08:52) (frag 9172/9172)
[2026-07-05 09:44:03 +00:00] [YT] [yt-dlp] [Remilia Nephys] [download]    4.82GiB at    2.48MiB/s (02:09:22) (frag 9202/9202)
[2026-07-05 09:44:33 +00:00] [YT] [yt-dlp] [Remilia Nephys] [download]    4.84GiB at    2.49MiB/s (02:09:52) (frag 9232/9232)
[2026-07-05 09:45:03 +00:00] [YT] [yt-dlp] [Remilia Nephys] [download]    4.86GiB at    2.78MiB/s (02:10:22) (frag 9262/9262)
[2026-07-05 09:45:33 +00:00] [YT] [yt-dlp] [Remilia Nephys] [download]    4.87GiB at    2.05MiB/s (02:10:52) (frag 9293/9293)
[2026-07-05 09:46:03 +00:00] [YT] [yt-dlp] [Remilia Nephys] [download]    4.89GiB at    2.98MiB/s (02:11:22) (frag 9323/9323)
[2026-07-05 09:46:33 +00:00] [YT] [yt-dlp] [Remilia Nephys] [download]    4.90GiB at    2.38MiB/s (02:11:52) (frag 9353/9353)
[2026-07-05 09:47:03 +00:00] [YT] [yt-dlp] [Remilia Nephys] [download]    4.92GiB at    2.90MiB/s (02:12:22) (frag 9385/9385)
[2026-07-05 09:47:33 +00:00] [YT] [yt-dlp] [Remilia Nephys] [download]  166.28MiB at  169.46KiB/s (02:12:54) (frag 9414/9417)
[2026-07-05 09:48:03 +00:00] [YT] [yt-dlp] [Remilia Nephys] [download]    4.95GiB at    2.58MiB/s (02:13:22) (frag 9443/9443)
[2026-07-05 09:48:33 +00:00] [YT] [yt-dlp] [Remilia Nephys] [download]    4.97GiB at    2.24MiB/s (02:13:52) (frag 9473/9473)
[2026-07-05 09:49:04 +00:00] [YT] [yt-dlp] [Remilia Nephys] [download]    4.98GiB at    2.49MiB/s (02:14:23) (frag 9503/9503)
[2026-07-05 09:49:34 +00:00] [YT] [yt-dlp] [Remilia Nephys] [download]  168.36MiB at      0.00B/s (02:14:54) (frag 9532/9536)
[2026-07-05 09:50:04 +00:00] [YT] [yt-dlp] [Remilia Nephys] [download]  168.89MiB at      0.00B/s (02:15:24) (frag 9562/9566)
[2026-07-05 09:50:34 +00:00] [YT] [yt-dlp] [Remilia Nephys] [download]  169.44MiB at   50.35KiB/s (02:15:54) (frag 9592/9596)
[2026-07-05 09:51:04 +00:00] [YT] [yt-dlp] [Remilia Nephys] [download]  169.96MiB at      0.00B/s (02:16:24) (frag 9622/9626)
[2026-07-05 09:51:34 +00:00] [YT] [yt-dlp] [Remilia Nephys] [download]  170.49MiB at      0.00B/s (02:16:54) (frag 9652/9657)
[2026-07-05 09:52:04 +00:00] [YT] [yt-dlp] [Remilia Nephys] [download]  171.01MiB at      0.00B/s (02:17:24) (frag 9682/9686)
[2026-07-05 09:52:34 +00:00] [YT] [yt-dlp] [Remilia Nephys] [download]  171.54MiB at      0.00B/s (02:17:55) (frag 9711/9716)
[2026-07-05 09:53:04 +00:00] [YT] [yt-dlp] [Remilia Nephys] [download]  172.07MiB at      0.00B/s (02:18:25) (frag 9742/9746)
[2026-07-05 09:53:34 +00:00] [YT] [yt-dlp] [Remilia Nephys] [download]  172.60MiB at      0.00B/s (02:18:55) (frag 9772/9776)
[2026-07-05 09:54:04 +00:00] [YT] [yt-dlp] [Remilia Nephys] [download]  173.12MiB at      0.00B/s (02:19:25) (frag 9801/9806)
[2026-07-05 09:54:34 +00:00] [YT] [yt-dlp] [Remilia Nephys] [download]  173.69MiB at      0.00B/s (02:19:55) (frag 9833/9836)
[2026-07-05 09:55:04 +00:00] [YT] [yt-dlp] [Remilia Nephys] [download]  174.18MiB at      0.00B/s (02:20:20) (frag 9861/9866)
[2026-07-05 09:55:34 +00:00] [YT] [yt-dlp] [Remilia Nephys] [download]    5.19GiB at    2.56MiB/s (02:20:53) (frag 9894/9894)
[2026-07-05 09:56:04 +00:00] [YT] [yt-dlp] [Remilia Nephys] [download]    5.20GiB at    2.24MiB/s (02:21:24) (frag 9924/9924)
[2026-07-05 09:56:34 +00:00] [YT] [yt-dlp] [Remilia Nephys] [download]    5.22GiB at    2.49MiB/s (02:21:54) (frag 9954/9954)
[2026-07-05 09:57:04 +00:00] [YT] [yt-dlp] [Remilia Nephys] [download]    5.23GiB at    2.62MiB/s (02:22:23) (frag 9983/9983)
[2026-07-05 09:57:34 +00:00] [YT] [yt-dlp] [Remilia Nephys] [download]  176.85MiB at      0.00B/s (02:22:55) (frag 10012/10016)
[2026-07-05 09:58:04 +00:00] [YT] [yt-dlp] [Remilia Nephys] [download]  177.39MiB at      0.00B/s (02:23:25) (frag 10043/10047)
[2026-07-05 09:58:34 +00:00] [YT] [yt-dlp] [Remilia Nephys] [download]  177.92MiB at      0.00B/s (02:23:55) (frag 10073/10077)
[2026-07-05 09:59:05 +00:00] [YT] [yt-dlp] [Remilia Nephys] [download]  178.43MiB at      0.00B/s (02:24:25) (frag 10102/10107)
[2026-07-05 09:59:35 +00:00] [YT] [yt-dlp] [Remilia Nephys] [download]  178.93MiB at      0.00B/s (02:24:55) (frag 10130/10136)
[2026-07-05 10:00:05 +00:00] [YT] [yt-dlp] [Remilia Nephys] [download]  179.52MiB at      0.00B/s (02:25:25) (frag 10163/10167)
[2026-07-05 10:00:35 +00:00] [YT] [yt-dlp] [Remilia Nephys] [download]  180.04MiB at      0.00B/s (02:25:55) (frag 10193/10197)
[2026-07-05 10:01:05 +00:00] [YT] [yt-dlp] [Remilia Nephys] [download]  180.57MiB at      0.00B/s (02:26:25) (frag 10223/10227)
[2026-07-05 10:01:35 +00:00] [YT] [yt-dlp] [Remilia Nephys] [download]  181.11MiB at   57.25KiB/s (02:26:55) (frag 10253/10257)
[2026-07-05 10:02:05 +00:00] [YT] [yt-dlp] [Remilia Nephys] [download]  181.61MiB at      0.00B/s (02:27:25) (frag 10282/10288)
[2026-07-05 10:02:35 +00:00] [YT] [yt-dlp] [Remilia Nephys] [download]    5.41GiB at    2.52MiB/s (02:27:54) (frag 10314/10314)
[2026-07-05 10:03:05 +00:00] [YT] [yt-dlp] [Remilia Nephys] [download]    5.42GiB at    2.30MiB/s (02:28:24) (frag 10344/10344)
[2026-07-05 10:03:35 +00:00] [YT] [yt-dlp] [Remilia Nephys] [download]    5.44GiB at    3.06MiB/s (02:28:54) (frag 10374/10374)
[2026-07-05 10:04:05 +00:00] [YT] [yt-dlp] [Remilia Nephys] [download]    5.45GiB at    2.18MiB/s (02:29:24) (frag 10404/10404)
[2026-07-05 10:04:35 +00:00] [YT] [yt-dlp] [Remilia Nephys] [download]    5.47GiB at    2.20MiB/s (02:29:54) (frag 10434/10434)
[2026-07-05 10:05:05 +00:00] [YT] [yt-dlp] [Remilia Nephys] [download]  184.79MiB at      0.00B/s (02:30:26) (frag 10462/10466)
[2026-07-05 10:05:35 +00:00] [YT] [yt-dlp] [Remilia Nephys] [download]  185.34MiB at      0.00B/s (02:30:56) (frag 10493/10497)
[2026-07-05 10:06:05 +00:00] [YT] [yt-dlp] [Remilia Nephys] [download]  185.88MiB at      0.00B/s (02:31:26) (frag 10523/10528)
[2026-07-05 10:06:35 +00:00] [YT] [yt-dlp] [Remilia Nephys] [download]  186.42MiB at   57.25KiB/s (02:31:56) (frag 10554/10557)
[2026-07-05 10:07:05 +00:00] [YT] [yt-dlp] [Remilia Nephys] [download]  186.97MiB at   57.48KiB/s (02:32:26) (frag 10585/10588)
[2026-07-05 10:07:35 +00:00] [YT] [yt-dlp] [Remilia Nephys] [download]  187.48MiB at      0.00B/s (02:32:56) (frag 10614/10617)
[2026-07-05 10:08:05 +00:00] [YT] [yt-dlp] [Remilia Nephys] [download]    5.58GiB at    1.60MiB/s (02:33:25) (frag 10645/10645)
[2026-07-05 10:08:35 +00:00] [YT] [yt-dlp] [Remilia Nephys] [download]  188.54MiB at      0.00B/s (02:33:56) (frag 10674/10678)
[2026-07-05 10:09:05 +00:00] [YT] [yt-dlp] [Remilia Nephys] [download]  189.07MiB at      0.00B/s (02:34:26) (frag 10704/10707)
[2026-07-05 10:09:35 +00:00] [YT] [yt-dlp] [Remilia Nephys] [download]  189.55MiB at      0.00B/s (02:34:56) (frag 10731/10738)
[2026-07-05 10:10:06 +00:00] [YT] [yt-dlp] [Remilia Nephys] [download]  190.13MiB at      0.00B/s (02:35:26) (frag 10764/10768)
[2026-07-05 10:10:36 +00:00] [YT] [yt-dlp] [Remilia Nephys] [download]  190.66MiB at      0.00B/s (02:35:56) (frag 10794/10798)
[2026-07-05 10:11:06 +00:00] [YT] [yt-dlp] [Remilia Nephys] [download]  191.18MiB at      0.00B/s (02:36:26) (frag 10824/10828)
[2026-07-05 10:11:36 +00:00] [YT] [yt-dlp] [Remilia Nephys] [download]  191.74MiB at      0.00B/s (02:36:56) (frag 10855/10858)
[2026-07-05 10:12:06 +00:00] [YT] [yt-dlp] [Remilia Nephys] [download]  192.25MiB at      0.00B/s (02:37:26) (frag 10884/10888)
[2026-07-05 10:12:36 +00:00] [YT] [yt-dlp] [Remilia Nephys] [download]  192.78MiB at      0.00B/s (02:37:56) (frag 10914/10919)
[2026-07-05 10:13:06 +00:00] [YT] [yt-dlp] [Remilia Nephys] [download]  193.31MiB at      0.00B/s (02:38:26) (frag 10944/10948)
[2026-07-05 10:13:36 +00:00] [YT] [yt-dlp] [Remilia Nephys] [download]  193.82MiB at      0.00B/s (02:38:56) (frag 10973/10978)
[2026-07-05 10:14:06 +00:00] [YT] [yt-dlp] [Remilia Nephys] [download]    5.77GiB at    2.61MiB/s (02:39:25) (frag 11005/11005)
[2026-07-05 10:14:36 +00:00] [YT] [yt-dlp] [Remilia Nephys] [download]    5.79GiB at    2.36MiB/s (02:39:55) (frag 11035/11035)
[2026-07-05 10:15:06 +00:00] [YT] [yt-dlp] [Remilia Nephys] [download]    5.80GiB at    2.18MiB/s (02:40:25) (frag 11065/11065)
[2026-07-05 10:15:36 +00:00] [YT] [yt-dlp] [Remilia Nephys] [download]  195.98MiB at      0.00B/s (02:40:57) (frag 11095/11099)
[2026-07-05 10:16:06 +00:00] [YT] [yt-dlp] [Remilia Nephys] [download]  196.51MiB at      0.00B/s (02:41:27) (frag 11125/11129)
[2026-07-05 10:16:36 +00:00] [YT] [yt-dlp] [Remilia Nephys] [download]  197.02MiB at      0.00B/s (02:41:57) (frag 11154/11158)
[2026-07-05 10:17:06 +00:00] [YT] [yt-dlp] [Remilia Nephys] [download]  197.56MiB at      0.00B/s (02:42:27) (frag 11185/11189)
[2026-07-05 10:17:36 +00:00] [YT] [yt-dlp] [Remilia Nephys] [download]  198.08MiB at      0.00B/s (02:42:57) (frag 11214/11219)
[2026-07-05 10:18:06 +00:00] [YT] [yt-dlp] [Remilia Nephys] [download]  198.63MiB at      0.00B/s (02:43:27) (frag 11245/11249)
[2026-07-05 10:18:36 +00:00] [YT] [yt-dlp] [Remilia Nephys] [download]  199.16MiB at      0.00B/s (02:43:57) (frag 11275/11279)
[2026-07-05 10:19:07 +00:00] [YT] [yt-dlp] [Remilia Nephys] [download]  199.69MiB at   50.19KiB/s (02:44:27) (frag 11305/11309)
[2026-07-05 10:19:37 +00:00] [YT] [yt-dlp] [Remilia Nephys] [download]  200.21MiB at      0.00B/s (02:44:57) (frag 11335/11339)
[2026-07-05 10:20:07 +00:00] [YT] [yt-dlp] [Remilia Nephys] [download]  200.79MiB at  133.45KiB/s (02:45:27) (frag 11368/11369)
[2026-07-05 10:20:37 +00:00] [YT] [yt-dlp] [Remilia Nephys] [download]  201.31MiB at  112.98KiB/s (02:45:57) (frag 11397/11399)
[2026-07-05 10:21:07 +00:00] [YT] [yt-dlp] [Remilia Nephys] [download]  201.87MiB at  135.12KiB/s (02:46:27) (frag 11428/11429)
[2026-07-05 10:21:37 +00:00] [YT] [yt-dlp] [Remilia Nephys] [download]  202.40MiB at  152.92KiB/s (02:46:58) (frag 11458/11459)
[2026-07-05 10:22:07 +00:00] [YT] [yt-dlp] [Remilia Nephys] [download]  202.92MiB at  129.37KiB/s (02:47:28) (frag 11488/11489)
[2026-07-05 10:22:37 +00:00] [YT] [yt-dlp] [Remilia Nephys] [download]  203.45MiB at  124.74KiB/s (02:47:58) (frag 11518/11519)
[2026-07-05 10:23:07 +00:00] [YT] [yt-dlp] [Remilia Nephys] [download]  203.97MiB at  127.31KiB/s (02:48:28) (frag 11547/11549)
[2026-07-05 10:23:15 +00:00] [YT] [yt-dlp] [Remilia Nephys] ERROR: Did not get any data blocks
[2026-07-05 10:23:37 +00:00] [YT] [yt-dlp] [Remilia Nephys] [download] Got error: HTTP Error 404: Not Found. Retrying fragment 11552 (3/10)...
[2026-07-05 10:24:08 +00:00] [YT] [yt-dlp] [Remilia Nephys] [download] Got error: HTTP Error 404: Not Found. Retrying fragment 11552 (7/10)...
[2026-07-05 10:24:09 +00:00] [YT] [yt-dlp] [Remilia Nephys] ERROR: Did not get any data blocks
[2026-07-05 10:24:23 +00:00] [YT] [yt-dlp] [Remilia Nephys] [youtube] aHO2ShHrPCM: Downloading webpage
[2026-07-05 10:24:24 +00:00] [YT] [yt-dlp] [Remilia Nephys] [youtube] aHO2ShHrPCM: Downloading android vr player API JSON
[2026-07-05 10:24:24 +00:00] [YT] [yt-dlp] [Remilia Nephys] [youtube] aHO2ShHrPCM: Downloading m3u8 information
[2026-07-05 10:24:24 +00:00] [YT] [yt-dlp] [Remilia Nephys] [youtube] aHO2ShHrPCM: Downloading MPD manifest
[2026-07-05 10:24:25 +00:00] [YT] [yt-dlp] [Remilia Nephys] [youtube] aHO2ShHrPCM: Downloading player 4918c89a-main
[2026-07-05 10:24:25 +00:00] [YT] [yt-dlp] [Remilia Nephys] [youtube] [jsc:node] Solving JS challenges using node
[2026-07-05 10:24:26 +00:00] [YT] [yt-dlp] [Remilia Nephys] [youtube] aHO2ShHrPCM: Downloading m3u8 information
[2026-07-05 10:24:26 +00:00] [YT] [yt-dlp] [Remilia Nephys] WARNING: [youtube] aHO2ShHrPCM: Video is no longer live. Retrying (1/3)...
[2026-07-05 10:24:26 +00:00] [YT] [yt-dlp] [Remilia Nephys] WARNING: [youtube] aHO2ShHrPCM: Video is no longer live. Retrying (2/3)...
[2026-07-05 10:24:26 +00:00] [YT] [yt-dlp] [Remilia Nephys] WARNING: [youtube] aHO2ShHrPCM: Video is no longer live. Retrying (3/3)...
[2026-07-05 10:24:26 +00:00] [YT] [yt-dlp] [Remilia Nephys] WARNING: [youtube] aHO2ShHrPCM: Video is no longer live. Giving up after 3 retries
[2026-07-05 10:24:40 +00:00] [YT] [yt-dlp] [Remilia Nephys] [download] fragment not found; Skipping fragment 11552 ...
[2026-07-05 10:24:40 +00:00] [YT] [yt-dlp] [Remilia Nephys] WARNING: [youtube] aHO2ShHrPCM: Video is no longer live. Retrying (1/3)...
[2026-07-05 10:24:40 +00:00] [YT] [yt-dlp] [Remilia Nephys] WARNING: [youtube] aHO2ShHrPCM: Video is no longer live. Retrying (2/3)...
[2026-07-05 10:24:40 +00:00] [YT] [yt-dlp] [Remilia Nephys] WARNING: [youtube] aHO2ShHrPCM: Video is no longer live. Retrying (3/3)...
[2026-07-05 10:24:40 +00:00] [YT] [yt-dlp] [Remilia Nephys] WARNING: [youtube] aHO2ShHrPCM: Video is no longer live. Giving up after 3 retries
[2026-07-05 10:25:11 +00:00] [YT] [yt-dlp] [Remilia Nephys] [download] Got error: HTTP Error 404: Not Found. Retrying fragment 11553 (4/10)...
[2026-07-05 10:25:42 +00:00] [YT] [yt-dlp] [Remilia Nephys] [download] Got error: HTTP Error 404: Not Found. Retrying fragment 11553 (8/10)...
[2026-07-05 10:26:05 +00:00] [YT] [yt-dlp] [Remilia Nephys] [Merger] Merging formats into "[20260704] [aHO2ShHrPCM] [4TH_OF_JULY_WATCHALONG_INDEPENDENCE_DAY] [Remilia_Ch._Phase_Connect].mp4"
[2026-07-05 10:39:44 +00:00] [YT] [yt-dlp] [Remilia Nephys] Deleting original file [20260704] [aHO2ShHrPCM] [4TH_OF_JULY_WATCHALONG_INDEPENDENCE_DAY] [Remilia_Ch._Phase_Connect].f140.mp4 (pass -k to keep)
[2026-07-05 10:39:44 +00:00] [YT] [yt-dlp] [Remilia Nephys] Deleting original file [20260704] [aHO2ShHrPCM] [4TH_OF_JULY_WATCHALONG_INDEPENDENCE_DAY] [Remilia_Ch._Phase_Connect].f299.mp4 (pass -k to keep)
[2026-07-05 10:39:44 +00:00] [YT] [yt-dlp] [Remilia Nephys] [EmbedThumbnail] mutagen: Adding thumbnail to "[20260704] [aHO2ShHrPCM] [4TH_OF_JULY_WATCHALONG_INDEPENDENCE_DAY] [Remilia_Ch._Phase_Connect].mp4"
[2026-07-05 10:40:10 +00:00] [YT] [Diagnostic] yt-dlp exit code: 1 | merger_detected: true | file_exists: true | postprocess_failed: false | fragment_failure: true | extractor_failed: false | auth_failure: false | disk_failure: true | process_crashed: false
[2026-07-05 10:40:10 +00:00] [YT] [Success] Download for Remilia Nephys finished successfully.
[2026-07-05 10:40:10 +00:00] [YT] [Lock] Deleted: download_yt\.lock-remilia_nephys-aHO2ShHrPCM
[2026-07-05 10:40:10 +00:00] [YT] [Slot] Released download slot for Remilia Nephys. Slots used: 0/10.
[2026-07-05 10:40:10 +00:00] [YT] [Archive] Waiting for the next YT poll before archiving this download.
[2026-07-05 10:40:10 +00:00] [YT] [Archive] Pending YouTube success recorded for aHO2ShHrPCM; the next poll will either archive it or retry with another downloader if the stream is still live.
